<?xml version="1.0" encoding="UTF-8"?>
<testng-results skipped="0" failed="0" ignored="0" total="2" passed="2">
  <reporter-output>
  </reporter-output>
  <suite name="testMethods.TestMethod" duration-ms="18393" started-at="2019-05-27T17:38:20Z" finished-at="2019-05-27T17:38:38Z">
    <groups>
    </groups>
    <test name="Command line test" duration-ms="18393" started-at="2019-05-27T17:38:20Z" finished-at="2019-05-27T17:38:38Z">
      <class name="testMethods.TestMethod">
        <test-method status="PASS" signature="readPropertyFile()[pri:0, instance:testMethods.TestMethod@17550481]" name="readPropertyFile" is-config="true" duration-ms="159" started-at="2019-05-27T17:38:20Z" finished-at="2019-05-27T17:38:20Z">
          <reporter-output>
          </reporter-output>
        </test-method> <!-- readPropertyFile -->
        <test-method status="PASS" signature="setupDriver()[pri:0, instance:testMethods.TestMethod@17550481]" name="setupDriver" is-config="true" duration-ms="6235" started-at="2019-05-27T17:38:20Z" finished-at="2019-05-27T17:38:26Z">
          <reporter-output>
          </reporter-output>
        </test-method> <!-- setupDriver -->
        <test-method status="PASS" signature="validateData()[pri:0, instance:testMethods.TestMethod@17550481]" name="validateData" duration-ms="2583" started-at="2019-05-27T17:38:26Z" finished-at="2019-05-27T17:38:29Z">
          <reporter-output>
          </reporter-output>
        </test-method> <!-- validateData -->
        <test-method status="PASS" signature="closeBrowser()[pri:0, instance:testMethods.TestMethod@17550481]" name="closeBrowser" is-config="true" duration-ms="396" started-at="2019-05-27T17:38:29Z" finished-at="2019-05-27T17:38:29Z">
          <reporter-output>
          </reporter-output>
        </test-method> <!-- closeBrowser -->
        <test-method status="PASS" signature="setupDriver()[pri:0, instance:testMethods.TestMethod@17550481]" name="setupDriver" is-config="true" duration-ms="5564" started-at="2019-05-27T17:38:29Z" finished-at="2019-05-27T17:38:35Z">
          <reporter-output>
          </reporter-output>
        </test-method> <!-- setupDriver -->
        <test-method status="PASS" signature="validateErrorMessage()[pri:0, instance:testMethods.TestMethod@17550481]" name="validateErrorMessage" duration-ms="3256" started-at="2019-05-27T17:38:35Z" finished-at="2019-05-27T17:38:38Z">
          <reporter-output>
          </reporter-output>
        </test-method> <!-- validateErrorMessage -->
        <test-method status="PASS" signature="closeBrowser()[pri:0, instance:testMethods.TestMethod@17550481]" name="closeBrowser" is-config="true" duration-ms="340" started-at="2019-05-27T17:38:38Z" finished-at="2019-05-27T17:38:38Z">
          <reporter-output>
          </reporter-output>
        </test-method> <!-- closeBrowser -->
        <test-method status="PASS" signature="tearDown()[pri:0, instance:testMethods.TestMethod@17550481]" name="tearDown" is-config="true" duration-ms="307" started-at="2019-05-27T17:38:38Z" finished-at="2019-05-27T17:38:38Z">
          <reporter-output>
          </reporter-output>
        </test-method> <!-- tearDown -->
      </class> <!-- testMethods.TestMethod -->
    </test> <!-- Command line test -->
  </suite> <!-- testMethods.TestMethod -->
</testng-results>
